app/build/outputs/logs/manifest-merger-debug-report.txt
-- Merging decision tree log ---
manifest
ADDED from src\main\AndroidManifest.xml:2:1-200:12
	xmlns:android
		ADDED from src\main\AndroidManifest.xml:2:11-69
	package
		ADDED from src\main\AndroidManifest.xml:3:5-37
		INJECTED from src\main\AndroidManifest.xml
		INJECTED from src\main\AndroidManifest.xml
	android:versionName
		ADDED from src\main\AndroidManifest.xml:5:5-30
	android:versionCode
		ADDED from src\main\AndroidManifest.xml:4:5-28
		INJECTED from src\main\AndroidManifest.xml
		INJECTED from src\main\AndroidManifest.xml
uses-sdk
ADDED from src\main\AndroidManifest.xml:7:5-9:41
	android:targetSdkVersion
		ADDED from src\main\AndroidManifest.xml:9:9-38
		INJECTED from src\main\AndroidManifest.xml
		INJECTED from src\main\AndroidManifest.xml
	android:minSdkVersion
		ADDED from src\main\AndroidManifest.xml:8:9-34
		INJECTED from src\main\AndroidManifest.xml
		INJECTED from src\main\AndroidManifest.xml
uses-permission#android.permission.ACCESS_NETWORK_STATE
ADDED from src\main\AndroidManifest.xml:13:5-79
	android:name
		ADDED from src\main\AndroidManifest.xml:13:22-76
uses-permission#android.permission.ACCESS_WIFI_STATE
ADDED from src\main\AndroidManifest.xml:14:5-76
	android:name
		ADDED from src\main\AndroidManifest.xml:14:22-73
uses-permission#android.permission.INTERNET
ADDED from src\main\AndroidManifest.xml:15:5-67
	android:name
		ADDED from src\main\AndroidManifest.xml:15:22-64
uses-permission#android.permission.WRITE_EXTERNAL_STORAGE
ADDED from src\main\AndroidManifest.xml:18:5-81
	android:name
		ADDED from src\main\AndroidManifest.xml:18:22-78
uses-permission#android.permission.READ_PHONE_STATE
ADDED from src\main\AndroidManifest.xml:20:5-75
	android:name
		ADDED from src\main\AndroidManifest.xml:20:22-72
uses-permission#android.permission.RECEIVE_BOOT_COMPLETED
ADDED from src\main\AndroidManifest.xml:23:5-81
	android:name
		ADDED from src\main\AndroidManifest.xml:23:22-78
uses-permission#android.permission.READ_CONTACTS
ADDED from src\main\AndroidManifest.xml:25:5-72
	android:name
		ADDED from src\main\AndroidManifest.xml:25:22-69
uses-permission#android.permission.SEND_SMS
ADDED from src\main\AndroidManifest.xml:27:5-67
	android:name
		ADDED from src\main\AndroidManifest.xml:27:22-64
uses-permission#android.permission.RECEIVE_SMS
ADDED from src\main\AndroidManifest.xml:28:5-70
	android:name
		ADDED from src\main\AndroidManifest.xml:28:22-67
uses-permission#android.permission.ACCESS_FINE_LOCATION
ADDED from src\main\AndroidManifest.xml:31:5-79
	android:name
		ADDED from src\main\AndroidManifest.xml:31:22-76
uses-permission#android.permission.ACCESS_COARSE_LOCATION
ADDED from src\main\AndroidManifest.xml:32:5-81
	android:name
		ADDED from src\main\AndroidManifest.xml:32:22-78
uses-permission#android.permission.ACCESS_MOCK_LOCATION
ADDED from src\main\AndroidManifest.xml:33:5-79
	android:name
		ADDED from src\main\AndroidManifest.xml:33:22-76
uses-permission#android.permission.VIBRATE
ADDED from src\main\AndroidManifest.xml:36:5-66
	android:name
		ADDED from src\main\AndroidManifest.xml:36:22-63
uses-permission#android.permission.PROCESS_OUTGOING_CALLS
ADDED from src\main\AndroidManifest.xml:39:5-81
	android:name
		ADDED from src\main\AndroidManifest.xml:39:22-78
uses-permission#android.permission.SYSTEM_ALERT_WINDOW
ADDED from src\main\AndroidManifest.xml:41:5-78
	android:name
		ADDED from src\main\AndroidManifest.xml:41:22-75
uses-permission#com.android.launcher.permission.INSTALL_SHORTCUT
ADDED from src\main\AndroidManifest.xml:44:5-88
	android:name
		ADDED from src\main\AndroidManifest.xml:44:22-85
uses-permission#android.permission.CALL_PHONE
ADDED from src\main\AndroidManifest.xml:47:5-69
	android:name
		ADDED from src\main\AndroidManifest.xml:47:22-66
uses-permission#android.permission.READ_CALL_LOG
ADDED from src\main\AndroidManifest.xml:49:5-72
	android:name
		ADDED from src\main\AndroidManifest.xml:49:22-69
uses-permission#android.permission.WRITE_CALL_LOG
ADDED from src\main\AndroidManifest.xml:50:5-73
	android:name
		ADDED from src\main\AndroidManifest.xml:50:22-70
uses-permission#android.permission.READ_SMS
ADDED from src\main\AndroidManifest.xml:53:5-67
	android:name
		ADDED from src\main\AndroidManifest.xml:53:22-64
uses-permission#android.permission.KILL_BACKGROUND_PROCESSES
ADDED from src\main\AndroidManifest.xml:56:5-84
	android:name
		ADDED from src\main\AndroidManifest.xml:56:22-81
uses-permission#android.permission.GET_TASKS
ADDED from src\main\AndroidManifest.xml:58:5-68
	android:name
		ADDED from src\main\AndroidManifest.xml:58:22-65
uses-permission#android.permission.GET_PACKAGE_SIZE
ADDED from src\main\AndroidManifest.xml:59:5-75
	android:name
		ADDED from src\main\AndroidManifest.xml:59:22-72
uses-permission#android.permission.CLEAR_APP_CACHE
ADDED from src\main\AndroidManifest.xml:61:5-74
	android:name
		ADDED from src\main\AndroidManifest.xml:61:22-71
application
ADDED from src\main\AndroidManifest.xml:63:5-198:19
	android:label
		ADDED from src\main\AndroidManifest.xml:66:9-41
	android:allowBackup
		ADDED from src\main\AndroidManifest.xml:64:9-35
	android:icon
		ADDED from src\main\AndroidManifest.xml:65:9-45
	android:theme
		ADDED from src\main\AndroidManifest.xml:67:9-40
	android:name
		ADDED from src\main\AndroidManifest.xml:68:9-45
activity#com.itheima.mobilesafe.SplashActivity
ADDED from src\main\AndroidManifest.xml:72:9-79:20
	android:label
		ADDED from src\main\AndroidManifest.xml:74:13-45
	android:name
		ADDED from src\main\AndroidManifest.xml:73:13-65
intent-filter#android.intent.action.MAIN+android.intent.category.LAUNCHER
ADDED from src\main\AndroidManifest.xml:75:13-78:29
action#android.intent.action.MAIN
ADDED from src\main\AndroidManifest.xml:76:17-69
	android:name
		ADDED from src\main\AndroidManifest.xml:76:25-66
category#android.intent.category.LAUNCHER
ADDED from src\main\AndroidManifest.xml:77:17-77
	android:name
		ADDED from src\main\AndroidManifest.xml:77:27-74
activity#com.itheima.mobilesafe.HomeActivity
ADDED from src\main\AndroidManifest.xml:82:9-87:20
	android:name
		ADDED from src\main\AndroidManifest.xml:82:19-69
intent-filter#android.intent.category.DEFAULT+com.itheima.mobilesafe.home
ADDED from src\main\AndroidManifest.xml:83:13-86:29
action#com.itheima.mobilesafe.home
ADDED from src\main\AndroidManifest.xml:84:17-70
	android:name
		ADDED from src\main\AndroidManifest.xml:84:25-67
category#android.intent.category.DEFAULT
ADDED from src\main\AndroidManifest.xml:85:17-76
	android:name
		ADDED from src\main\AndroidManifest.xml:85:27-73
activity#com.itheima.mobilesafe.SettingActivity
ADDED from src\main\AndroidManifest.xml:90:9-91:20
	android:name
		ADDED from src\main\AndroidManifest.xml:90:19-72
activity#com.itheima.mobilesafe.LostFindActivity
ADDED from src\main\AndroidManifest.xml:92:9-93:20
	android:name
		ADDED from src\main\AndroidManifest.xml:92:19-73
activity#com.itheima.mobilesafe.Setup1Activity
ADDED from src\main\AndroidManifest.xml:94:9-95:20
	android:name
		ADDED from src\main\AndroidManifest.xml:94:19-71
activity#com.itheima.mobilesafe.Setup2Activity
ADDED from src\main\AndroidManifest.xml:96:9-97:20
	android:name
		ADDED from src\main\AndroidManifest.xml:96:19-71
activity#com.itheima.mobilesafe.Setup3Activity
ADDED from src\main\AndroidManifest.xml:98:9-99:20
	android:name
		ADDED from src\main\AndroidManifest.xml:98:19-71
activity#com.itheima.mobilesafe.Setup4Activity
ADDED from src\main\AndroidManifest.xml:100:9-101:20
	android:name
		ADDED from src\main\AndroidManifest.xml:100:19-71
activity#com.itheima.mobilesafe.SelectContactActivity
ADDED from src\main\AndroidManifest.xml:102:9-103:20
	android:name
		ADDED from src\main\AndroidManifest.xml:102:19-78
activity#com.itheima.mobilesafe.AtoolsActivity
ADDED from src\main\AndroidManifest.xml:104:9-105:20
	android:name
		ADDED from src\main\AndroidManifest.xml:104:19-71
activity#com.itheima.mobilesafe.NumberAddressQueryActivity
ADDED from src\main\AndroidManifest.xml:106:9-107:20
	android:name
		ADDED from src\main\AndroidManifest.xml:106:19-83
activity#com.itheima.mobilesafe.DragViewActivity
ADDED from src\main\AndroidManifest.xml:108:9-109:20
	android:name
		ADDED from src\main\AndroidManifest.xml:108:19-73
activity#com.itheima.mobilesafe.CommonNumberQueryActivity
ADDED from src\main\AndroidManifest.xml:110:9-111:20
	android:name
		ADDED from src\main\AndroidManifest.xml:110:19-82
activity#com.itheima.mobilesafe.CallSmsSafeActivity
ADDED from src\main\AndroidManifest.xml:112:9-113:20
	android:name
		ADDED from src\main\AndroidManifest.xml:112:19-76
activity#com.itheima.mobilesafe.AppManagerActivity
ADDED from src\main\AndroidManifest.xml:114:9-115:20
	android:name
		ADDED from src\main\AndroidManifest.xml:114:19-75
activity#com.itheima.mobilesafe.TaskManagerActivity
ADDED from src\main\AndroidManifest.xml:116:9-117:20
	android:name
		ADDED from src\main\AndroidManifest.xml:116:19-76
activity#com.itheima.mobilesafe.TaskManagerSettingActivity
ADDED from src\main\AndroidManifest.xml:118:9-119:20
	android:name
		ADDED from src\main\AndroidManifest.xml:118:19-83
activity#com.itheima.mobilesafe.AppLockActivity
ADDED from src\main\AndroidManifest.xml:120:9-121:20
	android:name
		ADDED from src\main\AndroidManifest.xml:120:19-72
activity#com.itheima.mobilesafe.EnterPwdActivity
ADDED from src\main\AndroidManifest.xml:122:9-125:20
	android:excludeFromRecents
		ADDED from src\main\AndroidManifest.xml:124:13-46
	android:name
		ADDED from src\main\AndroidManifest.xml:123:13-67
activity#com.itheima.mobilesafe.TrafficManagerActivity
ADDED from src\main\AndroidManifest.xml:126:9-127:20
	android:name
		ADDED from src\main\AndroidManifest.xml:126:19-79
activity#com.itheima.mobilesafe.AntiVirusActivity
ADDED from src\main\AndroidManifest.xml:128:9-131:20
	android:configChanges
		ADDED from src\main\AndroidManifest.xml:130:13-74
	android:name
		ADDED from src\main\AndroidManifest.xml:129:13-68
activity#com.itheima.mobilesafe.CleanCacheActivity
ADDED from src\main\AndroidManifest.xml:132:9-133:20
	android:name
		ADDED from src\main\AndroidManifest.xml:132:19-75
activity#com.itheima.mobilesafe.CleanSDActivity
ADDED from src\main\AndroidManifest.xml:134:9-135:20
	android:name
		ADDED from src\main\AndroidManifest.xml:134:19-72
activity#com.itheima.mobilesafe.CleanActivity
ADDED from src\main\AndroidManifest.xml:136:9-137:20
	android:name
		ADDED from src\main\AndroidManifest.xml:136:19-70
service#com.itheima.mobilesafe.service.GPSService
ADDED from src\main\AndroidManifest.xml:139:9-140:19
	android:name
		ADDED from src\main\AndroidManifest.xml:139:18-74
service#com.itheima.mobilesafe.service.AddressService
ADDED from src\main\AndroidManifest.xml:141:9-142:19
	android:name
		ADDED from src\main\AndroidManifest.xml:141:18-78
service#com.itheima.mobilesafe.service.CallSmsSafeService
ADDED from src\main\AndroidManifest.xml:143:9-144:19
	android:name
		ADDED from src\main\AndroidManifest.xml:143:18-82
service#com.itheima.mobilesafe.service.AutoKillService
ADDED from src\main\AndroidManifest.xml:145:9-146:19
	android:name
		ADDED from src\main\AndroidManifest.xml:145:18-79
service#com.itheima.mobilesafe.service.UpdateWidgetService
ADDED from src\main\AndroidManifest.xml:147:9-148:19
	android:name
		ADDED from src\main\AndroidManifest.xml:147:18-83
service#com.itheima.mobilesafe.service.WatchDogService
ADDED from src\main\AndroidManifest.xml:149:9-150:19
	android:name
		ADDED from src\main\AndroidManifest.xml:149:18-79
receiver#com.itheima.mobilesafe.receiver.BootCompleteReceiver
ADDED from src\main\AndroidManifest.xml:152:9-156:20
	android:name
		ADDED from src\main\AndroidManifest.xml:152:19-86
intent-filter#android.intent.action.BOOT_COMPLETED
ADDED from src\main\AndroidManifest.xml:153:13-155:29
action#android.intent.action.BOOT_COMPLETED
ADDED from src\main\AndroidManifest.xml:154:17-79
	android:name
		ADDED from src\main\AndroidManifest.xml:154:25-76
receiver#com.itheima.mobilesafe.receiver.SmsReceiver
ADDED from src\main\AndroidManifest.xml:159:9-163:20
	android:name
		ADDED from src\main\AndroidManifest.xml:159:19-77
intent-filter#android.provider.Telephony.SMS_RECEIVED
ADDED from src\main\AndroidManifest.xml:160:13-162:29
	android:priority
		ADDED from src\main\AndroidManifest.xml:160:28-57
action#android.provider.Telephony.SMS_RECEIVED
ADDED from src\main\AndroidManifest.xml:161:17-82
	android:name
		ADDED from src\main\AndroidManifest.xml:161:25-79
receiver#com.itheima.mobilesafe.receiver.MyWidget
ADDED from src\main\AndroidManifest.xml:164:9-172:20
	android:name
		ADDED from src\main\AndroidManifest.xml:164:19-74
intent-filter#android.appwidget.action.APPWIDGET_UPDATE
ADDED from src\main\AndroidManifest.xml:165:13-167:29
action#android.appwidget.action.APPWIDGET_UPDATE
ADDED from src\main\AndroidManifest.xml:166:17-84
	android:name
		ADDED from src\main\AndroidManifest.xml:166:25-81
meta-data#android.appwidget.provider
ADDED from src\main\AndroidManifest.xml:169:13-171:66
	android:resource
		ADDED from src\main\AndroidManifest.xml:171:17-63
	android:name
		ADDED from src\main\AndroidManifest.xml:170:17-58
receiver#com.itheima.mobilesafe.receiver.KillAllReceiver
ADDED from src\main\AndroidManifest.xml:173:9-177:20
	android:name
		ADDED from src\main\AndroidManifest.xml:173:19-81
intent-filter#com.itheima.mobilesafe.killall
ADDED from src\main\AndroidManifest.xml:174:13-176:29
action#com.itheima.mobilesafe.killall
ADDED from src\main\AndroidManifest.xml:175:17-73
	android:name
		ADDED from src\main\AndroidManifest.xml:175:25-70
activity#net.youmi.android.AdBrowser
ADDED from src\main\AndroidManifest.xml:180:9-184:20
	android:configChanges
		ADDED from src\main\AndroidManifest.xml:182:13-72
	android:theme
		ADDED from src\main\AndroidManifest.xml:183:13-66
	android:name
		ADDED from src\main\AndroidManifest.xml:181:13-55
service#net.youmi.android.AdService
ADDED from src\main\AndroidManifest.xml:186:9-189:19
	android:exported
		ADDED from src\main\AndroidManifest.xml:188:13-37
	android:name
		ADDED from src\main\AndroidManifest.xml:187:13-55
receiver#net.youmi.android.AdReceiver
ADDED from src\main\AndroidManifest.xml:191:9-197:20
	android:name
		ADDED from src\main\AndroidManifest.xml:191:19-62
intent-filter#android.intent.action.PACKAGE_ADDED
ADDED from src\main\AndroidManifest.xml:192:13-196:29
action#android.intent.action.PACKAGE_ADDED
ADDED from src\main\AndroidManifest.xml:193:17-78
	android:name
		ADDED from src\main\AndroidManifest.xml:193:25-75
data
ADDED from src\main\AndroidManifest.xml:195:17-50
	android:scheme
		ADDED from src\main\AndroidManifest.xml:195:23-47